<?xml version="1.0" encoding="UTF-8"?>
<testsuite xmlns:xsi="http://www.w3.org/2001/XMLSchema-instance" xsi:noNamespaceSchemaLocation="https://maven.apache.org/surefire/maven-surefire-plugin/xsd/surefire-test-report-3.0.xsd" version="3.0" name="TestSuite" time="21.527" tests="1" errors="0" skipped="0" failures="0">
  <properties>
[...]
</properties>
  <testcase name="testChosenProducts" classname="ui.TestUI" time="20.416">
    <system-out><![CDATA[INFO	2022-07-11 01:19:59,981	0	org.testng.internal.Utils	[main]	[Utils] MethodGroupsHelper.collectMethodsByGroup() took 0 ms.
INFO	2022-07-11 01:19:59,985	4	org.testng.internal.Utils	[main]	[Utils] MethodGroupsHelper.sortMethods() took 1 ms.
INFO	2022-07-11 01:19:59,987	6	org.testng.internal.Utils	[main]	[Utils] MethodGroupsHelper.collectMethodsByGroup() took 0 ms.
INFO	2022-07-11 01:19:59,987	6	org.testng.internal.Utils	[main]	[Utils] MethodGroupsHelper.sortMethods() took 0 ms.
INFO	2022-07-11 01:19:59,987	6	org.testng.internal.Utils	[main]	[Utils] MethodGroupsHelper.collectMethodsByGroup() took 0 ms.
INFO	2022-07-11 01:19:59,987	6	org.testng.internal.Utils	[main]	[Utils] MethodGroupsHelper.sortMethods() took 0 ms.
INFO	2022-07-11 01:19:59,988	7	org.testng.internal.Utils	[main]	[Utils] MethodGroupsHelper.collectMethodsByGroup() took 0 ms.
INFO	2022-07-11 01:19:59,988	7	org.testng.internal.Utils	[main]	[Utils] MethodGroupsHelper.sortMethods() took 0 ms.
INFO	2022-07-11 01:19:59,988	7	org.testng.internal.Utils	[main]	[Utils] MethodGroupsHelper.collectMethodsByGroup() took 0 ms.
INFO	2022-07-11 01:19:59,988	7	org.testng.internal.Utils	[main]	[Utils] MethodGroupsHelper.sortMethods() took 0 ms.
INFO	2022-07-11 01:19:59,989	8	org.testng.internal.Utils	[main]	[Utils] MethodGroupsHelper.collectMethodsByGroup() took 0 ms.
INFO	2022-07-11 01:19:59,989	8	org.testng.internal.Utils	[main]	[Utils] MethodGroupsHelper.sortMethods() took 0 ms.
INFO	2022-07-11 01:19:59,989	8	org.testng.internal.Utils	[main]	[Utils] MethodGroupsHelper.collectMethodsByGroup() took 0 ms.
INFO	2022-07-11 01:19:59,989	8	org.testng.internal.Utils	[main]	[Utils] MethodGroupsHelper.sortMethods() took 0 ms.
INFO	2022-07-11 01:19:59,989	8	org.testng.internal.Utils	[main]	[Utils] MethodGroupsHelper.collectMethodsByGroup() took 0 ms.
INFO	2022-07-11 01:19:59,990	9	org.testng.internal.Utils	[main]	[Utils] MethodGroupsHelper.sortMethods() took 0 ms.
INFO	2022-07-11 01:19:59,994	13	org.testng.internal.Utils	[main]	[Utils] MethodGroupsHelper.collectMethodsByGroup() took 0 ms.
INFO	2022-07-11 01:19:59,994	13	org.testng.internal.Utils	[main]	[Utils] MethodGroupsHelper.sortMethods() took 0 ms.
INFO	2022-07-11 01:19:59,994	13	org.testng.internal.Utils	[main]	[Utils] MethodGroupsHelper.collectMethodsByGroup() took 0 ms.
INFO	2022-07-11 01:19:59,994	13	org.testng.internal.Utils	[main]	[Utils] MethodGroupsHelper.sortMethods() took 0 ms.
INFO	2022-07-11 01:19:59,996	15	org.testng.internal.Utils	[main]	[Utils] MethodGroupsHelper.collectMethodsByGroup() took 0 ms.
INFO	2022-07-11 01:19:59,996	15	org.testng.internal.Utils	[main]	[Utils] MethodGroupsHelper.sortMethods() took 0 ms.
INFO	2022-07-11 01:19:59,996	15	org.testng.internal.Utils	[main]	[Utils] MethodGroupsHelper.collectMethodsByGroup() took 0 ms.
INFO	2022-07-11 01:19:59,996	15	org.testng.internal.Utils	[main]	[Utils] MethodGroupsHelper.sortMethods() took 0 ms.
INFO	2022-07-11 01:20:00,000	19	org.testng.internal.Utils	[main]	[Utils] MethodGroupsHelper.collectMethodsByGroup() took 2 ms.
INFO	2022-07-11 01:20:00,006	25	org.testng.internal.Utils	[main]	[Utils] MethodGroupsHelper.sortMethods() took 6 ms.
INFO	2022-07-11 01:20:00,007	26	org.testng.internal.Utils	[main]	[Utils] MethodGroupsHelper.collectMethodsByGroup() took 0 ms.
INFO	2022-07-11 01:20:00,008	27	org.testng.internal.Utils	[main]	[Utils] MethodGroupsHelper.sortMethods() took 0 ms.
INFO	2022-07-11 01:20:00,008	27	org.testng.internal.Utils	[main]	[Utils] MethodGroupsHelper.collectMethodsByGroup() took 0 ms.
INFO	2022-07-11 01:20:00,008	27	org.testng.internal.Utils	[main]	[Utils] MethodGroupsHelper.sortMethods() took 0 ms.
INFO	2022-07-11 01:20:00,248	267	config.TestConfig	[main]	Setting Chrome Driver path to C:\Users\sanat\IdeaProjects\Clipboard Health Test Automation\src\main\resources\drivers\windows\chromedriver.exe
INFO	2022-07-11 01:20:00,248	267	config.TestConfig	[main]	Setting Chrome Driver path to C:\Users\sanat\IdeaProjects\Clipboard Health Test Automation\src\main\resources\drivers\windows\chromedriver.exe
INFO	2022-07-11 01:20:00,249	268	testng.SimpleTestNGSuiteListener	[main]	

=========
[START] - All Test Suite Suite
=========

INFO	2022-07-11 01:20:00,250	269	testng.SimpleTestNGSuiteListener	[main]	[START][testChosenProducts] - []
INFO	2022-07-11 01:20:00,266	285	org.testng.internal.Utils	[main]	[Utils] DynamicGraphHelper.createDynamicGraph() took 6 ms.
INFO	2022-07-11 01:20:00,311	330	common.UITestBase	[main]	Now testing
INFO	2022-07-11 01:20:00,311	330	common.UITestBase	[main]	Now testing flow 
INFO	2022-07-11 01:20:00,313	332	common.UITestBase	[main]	Assigned navigator was: [UINavigator]
INFO	2022-07-11 01:20:00,714	733	io.github.bonigarcia.wdm.WebDriverManager	[main]	Using chromedriver 103.0.5060.53 (resolved driver for Chrome 103)
INFO	2022-07-11 01:20:00,742	761	io.github.bonigarcia.wdm.WebDriverManager	[main]	Exporting webdriver.chrome.driver as C:\Users\sanat\.cache\selenium\chromedriver\win32\103.0.5060.53\chromedriver.exe
INFO	2022-07-11 01:20:02,218	2237	driver.DriverFactory	[main]	Driver started successfully: ChromeDriver: chrome on WINDOWS (547172f3a6a0413d55a37543574ea608)
INFO	2022-07-11 01:20:02,640	2659	interfaces.DriverHelper	[main]	[Navigating to https://www.amazon.in/][CDwindow-9B433580671E36BA3DEFE8BF1527FB91]
WARN	2022-07-11 01:20:06,421	6440	common.CommonUtils	[main]	[2.546ms] - Wait Time - DOM Ready State = Complete (And no dynamic updates detected)
WARN	2022-07-11 01:20:06,421	6440	common.CommonUtils	[main]	[2.549ms] - Wait Time - Page Loaded
INFO	2022-07-11 01:20:09,488	9507	navigator.UINavigator	[main]	At Product Page with Title of Buy the latest LED TVs, 4K TVs and Android TVs online at Best Prices in India-Amazon.in | Shop by size, price, features and more [CDwindow-9B433580671E36BA3DEFE8BF1527FB91]
INFO	2022-07-11 01:20:09,488	9507	common.UITestBase	[main]	Now Applying filters 
WARN	2022-07-11 01:20:10,446	10465	common.CommonUtils	[main]	[0.956ms] - Wait Time - DOM Ready State = Complete (And no dynamic updates detected)
WARN	2022-07-11 01:20:10,447	10466	common.CommonUtils	[main]	[0.957ms] - Wait Time - Page Loaded
WARN	2022-07-11 01:20:15,765	15784	common.CommonUtils	[main]	[0.962ms] - Wait Time - DOM Ready State = Complete (And no dynamic updates detected)
WARN	2022-07-11 01:20:15,766	15785	common.CommonUtils	[main]	[0.962ms] - Wait Time - Page Loaded
INFO	2022-07-11 01:20:16,216	16235	navigator.UINavigator	[main]	Navigating to product tab
INFO	2022-07-11 01:20:19,896	19915	components.TelevisionProductUIComponent	[main]	=========================================================================
INFO	2022-07-11 01:20:20,130	20149	components.TelevisionProductUIComponent	[main]	About this item header text was ====>>  About this item
INFO	2022-07-11 01:20:20,131	20150	components.TelevisionProductUIComponent	[main]	=========================================================================
]]></system-out>
    <system-err><![CDATA[SLF4J: Class path contains multiple SLF4J bindings.
SLF4J: Found binding in [jar:file:/C:/Users/sanat/.m2/repository/org/slf4j/slf4j-reload4j/1.7.36/slf4j-reload4j-1.7.36.jar!/org/slf4j/impl/StaticLoggerBinder.class]
SLF4J: Found binding in [jar:file:/C:/Users/sanat/.m2/repository/org/slf4j/slf4j-simple/1.7.30/slf4j-simple-1.7.30.jar!/org/slf4j/impl/StaticLoggerBinder.class]
SLF4J: See http://www.slf4j.org/codes.html#multiple_bindings for an explanation.
SLF4J: Actual binding is of type [org.slf4j.impl.Reload4jLoggerFactory]
Starting ChromeDriver 103.0.5060.53 (a1711811edd74ff1cf2150f36ffa3b0dae40b17f-refs/branch-heads/5060@{#853}) on port 54929
Only local connections are allowed.
Please see https://chromedriver.chromium.org/security-considerations for suggestions on keeping ChromeDriver safe.
ChromeDriver was started successfully.
Jul 11, 2022 1:20:02 AM org.openqa.selenium.remote.ProtocolHandshake createSession
INFO: Detected upstream dialect: W3C
Jul 11, 2022 1:20:02 AM org.openqa.selenium.devtools.CdpVersionFinder findNearestMatch
WARNING: Unable to find an exact match for CDP version 103, so returning the closest version found: 102
Jul 11, 2022 1:20:02 AM org.openqa.selenium.devtools.CdpVersionFinder findNearestMatch
INFO: Found CDP implementation for version 103 of 102
]]></system-err>
  </testcase>
</testsuite>