<?xml version="1.0" encoding="UTF-8"?>
<testng-results ignored="0" total="1" passed="1" failed="0" skipped="0">
  <reporter-output>
  </reporter-output>
  <suite started-at="2022-07-11T01:20:00 BST" name="All Test Suite" finished-at="2022-07-11T01:20:20 BST" duration-ms="20450">
    <groups>
    </groups>
    <test started-at="2022-07-11T01:20:00 BST" name="/IdeaProjects/Clipboard Health Test Automation" finished-at="2022-07-11T01:20:20 BST" duration-ms="20450">
      <class name="ui.TestUI">
        <test-method signature="testChosenProducts()[pri:0, instance:ui.TestUI@c0c2f8d]" started-at="2022-07-11T01:20:00 BST" name="testChosenProducts" finished-at="2022-07-11T01:20:20 BST" duration-ms="20384" status="PASS">
          <reporter-output>
          </reporter-output>
        </test-method> <!-- testChosenProducts -->
      </class> <!-- ui.TestUI -->
    </test> <!-- /IdeaProjects/Clipboard Health Test Automation -->
  </suite> <!-- All Test Suite -->
</testng-results>
