<?xml version="1.0" encoding="UTF-8"?>
<testng-results ignored="0" total="1" passed="1" failed="0" skipped="0">
  <reporter-output>
  </reporter-output>
  <suite started-at="2022-07-11T00:45:20 BST" name="Command line suite" finished-at="2022-07-11T00:45:37 BST" duration-ms="17084">
    <groups>
    </groups>
    <test started-at="2022-07-11T00:45:20 BST" name="Command line test" finished-at="2022-07-11T00:45:37 BST" duration-ms="17084">
      <class name="ui.TestUI">
        <test-method signature="testChosenProducts()[pri:0, instance:ui.TestUI@69930714]" started-at="2022-07-11T00:45:20 BST" name="testChosenProducts" finished-at="2022-07-11T00:45:37 BST" duration-ms="17045" status="PASS">
          <reporter-output>
          </reporter-output>
        </test-method> <!-- testChosenProducts -->
      </class> <!-- ui.TestUI -->
    </test> <!-- Command line test -->
  </suite> <!-- Command line suite -->
</testng-results>
